<?xml version="1.0" encoding="UTF-8"?>
<!-- Generated by org.testng.reporters.JUnitReportReporter -->
<testsuite skipped="0" hostname="DESKTOP-OSG9M88" name="plexus.reg.RegTest_14" tests="1" failures="0" timestamp="29 Sep 2017 10:30:53 GMT" time="56.837" errors="0">
  <testcase name="RegTest14" time="56.837" classname="plexus.reg.RegTest_14"/>
</testsuite> <!-- plexus.reg.RegTest_14 -->
