<?xml version="1.0" encoding="UTF-8"?>
<!-- Generated by org.testng.reporters.JUnitReportReporter -->
<testsuite skipped="0" hostname="DESKTOP-OSG9M88" name="plexus.reg.RegTest_11" tests="1" failures="0" timestamp="27 Sep 2017 09:25:53 GMT" time="39.367" errors="0">
  <testcase name="RegTest11" time="39.367" classname="plexus.reg.RegTest_11"/>
</testsuite> <!-- plexus.reg.RegTest_11 -->
