<?xml version="1.0" encoding="UTF-8"?>
<!-- Generated by org.testng.reporters.JUnitReportReporter -->
<testsuite skipped="0" hostname="DESKTOP-OSG9M88" name="plexus.reg.DrawsandGWP_1" tests="1" failures="0" timestamp="27 Sep 2017 08:40:24 GMT" time="68.347" errors="0">
  <testcase name="DrawsandGWP1" time="68.347" classname="plexus.reg.DrawsandGWP_1"/>
</testsuite> <!-- plexus.reg.DrawsandGWP_1 -->
