<?xml version="1.0" encoding="UTF-8"?>
<!-- Generated by org.testng.reporters.JUnitReportReporter -->
<testsuite skipped="0" hostname="DESKTOP-OSG9M88" name="plexus.reg.DrawsandGWP_2" tests="1" failures="0" timestamp="27 Sep 2017 08:40:23 GMT" time="57.275" errors="0">
  <testcase name="DrawsandGWP2" time="57.275" classname="plexus.reg.DrawsandGWP_2"/>
</testsuite> <!-- plexus.reg.DrawsandGWP_2 -->
