<?xml version="1.0" encoding="UTF-8"?>
<!-- Generated by org.testng.reporters.JUnitReportReporter -->
<testsuite skipped="0" hostname="DESKTOP-OSG9M88" name="plexus.reg.RegTest_10" tests="1" failures="0" timestamp="29 Sep 2017 10:30:53 GMT" time="66.165" errors="0">
  <testcase name="RegTest10" time="66.165" classname="plexus.reg.RegTest_10"/>
</testsuite> <!-- plexus.reg.RegTest_10 -->
