<?xml version="1.0" encoding="UTF-8"?>
<!-- Generated by org.testng.reporters.JUnitReportReporter -->
<testsuite skipped="0" hostname="DESKTOP-OSG9M88" name="plexus.reg.DrawsandGWP_3" tests="1" failures="0" timestamp="27 Sep 2017 08:40:25 GMT" time="39.804" errors="0">
  <testcase name="DrawsandGWP3" time="39.804" classname="plexus.reg.DrawsandGWP_3"/>
</testsuite> <!-- plexus.reg.DrawsandGWP_3 -->
