<?xml version="1.0" encoding="UTF-8"?>
<!-- Generated by org.testng.reporters.JUnitReportReporter -->
<testsuite skipped="0" hostname="DESKTOP-OSG9M88" name="plexus.reg.RegTest_5" tests="1" failures="0" timestamp="27 Sep 2017 08:40:26 GMT" time="82.420" errors="0">
  <testcase name="RegTest5" time="82.420" classname="plexus.reg.RegTest_5"/>
</testsuite> <!-- plexus.reg.RegTest_5 -->
