<?xml version="1.0" encoding="UTF-8"?>
<!-- Generated by org.testng.reporters.JUnitReportReporter -->
<testsuite skipped="0" hostname="DESKTOP-OSG9M88" name="plexus.reg.RegTest_15" tests="1" failures="0" timestamp="29 Sep 2017 10:41:14 GMT" time="43.299" errors="0">
  <testcase name="RegTest15" time="43.299" classname="plexus.reg.RegTest_15"/>
</testsuite> <!-- plexus.reg.RegTest_15 -->
