<?xml version="1.0" encoding="UTF-8"?>
<!-- Generated by org.testng.reporters.JUnitReportReporter -->
<testsuite skipped="0" hostname="DESKTOP-OSG9M88" name="plexus.reg.RegTest_15" tests="1" failures="0" timestamp="27 Sep 2017 08:40:24 GMT" time="58.194" errors="0">
  <testcase name="RegTest15" time="58.194" classname="plexus.reg.RegTest_15"/>
</testsuite> <!-- plexus.reg.RegTest_15 -->
