<?xml version="1.0" encoding="UTF-8"?>
<!-- Generated by org.testng.reporters.JUnitReportReporter -->
<testsuite skipped="0" hostname="DESKTOP-OSG9M88" name="plexus.reg.RegTest_10" tests="1" failures="0" timestamp="27 Sep 2017 09:24:36 GMT" time="44.652" errors="0">
  <testcase name="RegTest10" time="44.652" classname="plexus.reg.RegTest_10"/>
</testsuite> <!-- plexus.reg.RegTest_10 -->
