<?xml version="1.0" encoding="UTF-8"?>
<!-- Generated by org.testng.reporters.JUnitReportReporter -->
<testsuite skipped="0" hostname="DESKTOP-OSG9M88" name="plexus.reg.CreatePrefilledForm_2" tests="1" failures="0" timestamp="29 Sep 2017 10:39:25 GMT" time="59.502" errors="0">
  <testcase name="CreatePreFilledForm" time="59.502" classname="plexus.reg.CreatePrefilledForm_2"/>
</testsuite> <!-- plexus.reg.CreatePrefilledForm_2 -->
