<?xml version="1.0" encoding="UTF-8"?>
<!-- Generated by org.testng.reporters.JUnitReportReporter -->
<testsuite skipped="0" hostname="DESKTOP-OSG9M88" name="plexus.reg.DrawsandGWP_3a" tests="1" failures="0" timestamp="29 Sep 2017 10:30:53 GMT" time="46.244" errors="0">
  <testcase name="DrawsandGWP3a" time="46.244" classname="plexus.reg.DrawsandGWP_3a"/>
</testsuite> <!-- plexus.reg.DrawsandGWP_3a -->
