<?xml version="1.0" encoding="UTF-8"?>
<!-- Generated by org.testng.reporters.JUnitReportReporter -->
<testsuite skipped="0" hostname="DESKTOP-OSG9M88" name="plexus.reg.CreatePreFilledForm_4" tests="1" failures="0" timestamp="29 Sep 2017 10:37:44 GMT" time="81.410" errors="0">
  <testcase name="CreatePreFilledForm" time="81.410" classname="plexus.reg.CreatePreFilledForm_4"/>
</testsuite> <!-- plexus.reg.CreatePreFilledForm_4 -->
