<?xml version="1.0" encoding="UTF-8"?>
<!-- Generated by org.testng.reporters.JUnitReportReporter -->
<testsuite skipped="0" hostname="DESKTOP-OSG9M88" name="plexus.reg.RegTest_5_1" tests="1" failures="0" timestamp="27 Sep 2017 08:40:25 GMT" time="55.782" errors="0">
  <testcase name="RegTest5" time="55.782" classname="plexus.reg.RegTest_5_1"/>
</testsuite> <!-- plexus.reg.RegTest_5_1 -->
