<?xml version="1.0" encoding="UTF-8"?>
<!-- Generated by org.testng.reporters.JUnitReportReporter -->
<testsuite skipped="0" hostname="DESKTOP-OSG9M88" name="plexus.reg.DrawsandGWP_5" tests="1" failures="0" timestamp="29 Sep 2017 10:33:43 GMT" time="66.698" errors="0">
  <testcase name="DrawsandGWP5" time="66.698" classname="plexus.reg.DrawsandGWP_5"/>
</testsuite> <!-- plexus.reg.DrawsandGWP_5 -->
