<?xml version="1.0" encoding="UTF-8"?>
<!-- Generated by org.testng.reporters.JUnitReportReporter -->
<testsuite skipped="0" hostname="DESKTOP-OSG9M88" name="plexus.reg.RegTest_3" tests="1" failures="0" timestamp="27 Sep 2017 08:40:26 GMT" time="66.355" errors="0">
  <testcase name="RegTest3" time="66.355" classname="plexus.reg.RegTest_3"/>
</testsuite> <!-- plexus.reg.RegTest_3 -->
